\BOOKMARK [0][-]{chapter.1}{Einleitung}{}% 1
\BOOKMARK [0][-]{chapter.2}{Verwendete Technologie}{}% 2
\BOOKMARK [1][-]{section.2.1}{Unity}{chapter.2}% 3
\BOOKMARK [1][-]{section.2.2}{JetBrains Rider}{chapter.2}% 4
\BOOKMARK [1][-]{section.2.3}{HTC Vive}{chapter.2}% 5
\BOOKMARK [1][-]{section.2.4}{Beweisverfahren}{chapter.2}% 6
\BOOKMARK [1][-]{section.2.5}{Resolution}{chapter.2}% 7
\BOOKMARK [1][-]{section.2.6}{Hornklauseln}{chapter.2}% 8
\BOOKMARK [1][-]{section.2.7}{Berechenbarkeit und Komplexit\344t}{chapter.2}% 9
\BOOKMARK [1][-]{section.2.8}{Anwendungen und Grenzen}{chapter.2}% 10
\BOOKMARK [0][-]{chapter.3}{Pr\344dikatenlogik}{}% 11
\BOOKMARK [1][-]{section.3.1}{Syntax}{chapter.3}% 12
\BOOKMARK [1][-]{section.3.2}{Semantik}{chapter.3}% 13
\BOOKMARK [1][-]{section.3.3}{Quantoren und Normalform}{chapter.3}% 14
\BOOKMARK [1][-]{section.3.4}{Resolution}{chapter.3}% 15
\BOOKMARK [1][-]{section.3.5}{Automatische Theorembeweiser}{chapter.3}% 16
\BOOKMARK [1][-]{section.3.6}{Anwendungen}{chapter.3}% 17
\BOOKMARK [0][-]{chapter.4}{Grenzen der Logik}{}% 18
\BOOKMARK [1][-]{section.4.1}{Das Suchraumproblem}{chapter.4}% 19
\BOOKMARK [1][-]{section.4.2}{Entscheidbarkeit und Unvollst\344ndigkeit}{chapter.4}% 20
\BOOKMARK [1][-]{section.4.3}{Ein Beispiel}{chapter.4}% 21
\BOOKMARK [1][-]{section.4.4}{Modellierung von Unsicherheit}{chapter.4}% 22
\BOOKMARK [0][-]{chapter*.3}{Literatur}{}% 23
